#! /usr/bin/vvp
:ivl_version "11.0 (stable)";
:ivl_delay_selection "TYPICAL";
:vpi_time_precision + 0;
:vpi_module "/usr/lib/x86_64-linux-gnu/ivl/system.vpi";
:vpi_module "/usr/lib/x86_64-linux-gnu/ivl/vhdl_sys.vpi";
:vpi_module "/usr/lib/x86_64-linux-gnu/ivl/vhdl_textio.vpi";
:vpi_module "/usr/lib/x86_64-linux-gnu/ivl/v2005_math.vpi";
:vpi_module "/usr/lib/x86_64-linux-gnu/ivl/va_math.vpi";
S_0x5638bf56d800 .scope module, "spi_tb" "spi_tb" 2 1;
 .timescale 0 0;
v0x5638bf5a35d0_0 .var "clk", 0 0;
v0x5638bf5a3690_0 .var "in_master_data", 7 0;
v0x5638bf5a3750_0 .var "in_slave_data", 7 0;
v0x5638bf5a3850_0 .net "miso", 0 0, L_0x5638bf5a4700;  1 drivers
v0x5638bf5a3940_0 .net "mosi", 0 0, L_0x5638bf55f6c0;  1 drivers
v0x5638bf5a3a80_0 .net "new_data", 0 0, L_0x5638bf5a4640;  1 drivers
v0x5638bf5a3b20_0 .net "out_master_data", 7 0, L_0x5638bf5a4550;  1 drivers
v0x5638bf5a3bc0_0 .net "out_slave_data", 7 0, L_0x5638bf5a4830;  1 drivers
v0x5638bf5a3c60_0 .var "reset", 0 0;
v0x5638bf5a3d00_0 .net "sck", 0 0, L_0x5638bf5a4300;  1 drivers
v0x5638bf5a3df0_0 .net "slave_done", 0 0, L_0x5638bf5a4770;  1 drivers
v0x5638bf5a3e90_0 .var "ss", 0 0;
v0x5638bf5a3f30_0 .var "start", 0 0;
E_0x5638bf561040 .event posedge, v0x5638bf5a2420_0;
S_0x5638bf56d990 .scope module, "spi_m" "spi_master" 2 8, 3 1 0, S_0x5638bf56d800;
 .timescale 0 0;
    .port_info 0 /INPUT 1 "clk";
    .port_info 1 /INPUT 1 "rst";
    .port_info 2 /INPUT 1 "miso";
    .port_info 3 /OUTPUT 1 "mosi";
    .port_info 4 /OUTPUT 1 "sck";
    .port_info 5 /INPUT 1 "start";
    .port_info 6 /INPUT 8 "data_in";
    .port_info 7 /OUTPUT 8 "data_out";
    .port_info 8 /OUTPUT 1 "busy";
    .port_info 9 /OUTPUT 1 "new_data";
P_0x5638bf56db20 .param/l "CLK_DIV" 0 3 2, +C4<00000000000000000000000000000010>;
P_0x5638bf56db60 .param/l "IDLE" 1 3 18, C4<00>;
P_0x5638bf56dba0 .param/l "STATE_SIZE" 1 3 17, +C4<00000000000000000000000000000010>;
P_0x5638bf56dbe0 .param/l "TRANSFER" 1 3 20, C4<10>;
P_0x5638bf56dc20 .param/l "WAIT_HALF" 1 3 19, C4<01>;
L_0x5638bf55f6c0 .functor BUFZ 1, v0x5638bf5a1160_0, C4<0>, C4<0>, C4<0>;
L_0x5638bf5807f0 .functor NOT 1, L_0x5638bf5a4030, C4<0>, C4<0>, C4<0>;
L_0x5638bf5a4300 .functor AND 1, L_0x5638bf5807f0, L_0x5638bf5a41b0, C4<1>, C4<1>;
L_0x5638bf5a4550 .functor BUFZ 8, v0x5638bf5a0e20_0, C4<00000000>, C4<00000000>, C4<00000000>;
L_0x5638bf5a4640 .functor BUFZ 1, v0x5638bf5a1460_0, C4<0>, C4<0>, C4<0>;
L_0x7fb522b86060 .functor BUFT 1, C4<00>, C4<0>, C4<0>, C4<0>;
v0x5638bf55f7e0_0 .net/2u *"_ivl_12", 1 0, L_0x7fb522b86060;  1 drivers
v0x5638bf5809f0_0 .net *"_ivl_3", 0 0, L_0x5638bf5a4030;  1 drivers
v0x5638bf580a90_0 .net *"_ivl_4", 0 0, L_0x5638bf5807f0;  1 drivers
L_0x7fb522b86018 .functor BUFT 1, C4<10>, C4<0>, C4<0>, C4<0>;
v0x5638bf5a05c0_0 .net/2u *"_ivl_6", 1 0, L_0x7fb522b86018;  1 drivers
v0x5638bf5a06a0_0 .net *"_ivl_8", 0 0, L_0x5638bf5a41b0;  1 drivers
v0x5638bf5a0760_0 .net "busy", 0 0, L_0x5638bf5a4410;  1 drivers
v0x5638bf5a0820_0 .net "clk", 0 0, v0x5638bf5a35d0_0;  1 drivers
v0x5638bf5a08e0_0 .var "ctr_d", 2 0;
v0x5638bf5a09c0_0 .var "ctr_q", 2 0;
v0x5638bf5a0aa0_0 .var "data_d", 7 0;
v0x5638bf5a0b80_0 .net "data_in", 7 0, v0x5638bf5a3690_0;  1 drivers
v0x5638bf5a0c60_0 .net "data_out", 7 0, L_0x5638bf5a4550;  alias, 1 drivers
v0x5638bf5a0d40_0 .var "data_out_d", 7 0;
v0x5638bf5a0e20_0 .var "data_out_q", 7 0;
v0x5638bf5a0f00_0 .var "data_q", 7 0;
v0x5638bf5a0fe0_0 .net "miso", 0 0, L_0x5638bf5a4700;  alias, 1 drivers
v0x5638bf5a10a0_0 .net "mosi", 0 0, L_0x5638bf55f6c0;  alias, 1 drivers
v0x5638bf5a1160_0 .var "mosi_d", 0 0;
v0x5638bf5a1220_0 .var "mosi_q", 0 0;
v0x5638bf5a12e0_0 .net "new_data", 0 0, L_0x5638bf5a4640;  alias, 1 drivers
v0x5638bf5a13a0_0 .var "new_data_d", 0 0;
v0x5638bf5a1460_0 .var "new_data_q", 0 0;
v0x5638bf5a1520_0 .net "rst", 0 0, v0x5638bf5a3c60_0;  1 drivers
v0x5638bf5a15e0_0 .net "sck", 0 0, L_0x5638bf5a4300;  alias, 1 drivers
v0x5638bf5a16a0_0 .var "sck_d", 1 0;
v0x5638bf5a1780_0 .var "sck_q", 1 0;
v0x5638bf5a1860_0 .net "start", 0 0, v0x5638bf5a3f30_0;  1 drivers
v0x5638bf5a1920_0 .var "state_d", 1 0;
v0x5638bf5a1a00_0 .var "state_q", 1 0;
E_0x5638bf562720 .event posedge, v0x5638bf5a0820_0;
E_0x5638bf5628c0/0 .event edge, v0x5638bf5a1780_0, v0x5638bf5a0f00_0, v0x5638bf5a1220_0, v0x5638bf5a09c0_0;
E_0x5638bf5628c0/1 .event edge, v0x5638bf5a0e20_0, v0x5638bf5a1a00_0, v0x5638bf5a1860_0, v0x5638bf5a0b80_0;
E_0x5638bf5628c0/2 .event edge, v0x5638bf5a0fe0_0;
E_0x5638bf5628c0 .event/or E_0x5638bf5628c0/0, E_0x5638bf5628c0/1, E_0x5638bf5628c0/2;
L_0x5638bf5a4030 .part v0x5638bf5a1780_0, 1, 1;
L_0x5638bf5a41b0 .cmp/eq 2, v0x5638bf5a1a00_0, L_0x7fb522b86018;
L_0x5638bf5a4410 .cmp/ne 2, v0x5638bf5a1a00_0, L_0x7fb522b86060;
S_0x5638bf5a1c80 .scope module, "spi_s" "spi_slave" 2 18, 4 1 0, S_0x5638bf56d800;
 .timescale 0 0;
    .port_info 0 /INPUT 1 "clk";
    .port_info 1 /INPUT 1 "rst";
    .port_info 2 /INPUT 1 "ss";
    .port_info 3 /INPUT 1 "mosi";
    .port_info 4 /OUTPUT 1 "miso";
    .port_info 5 /INPUT 1 "sck";
    .port_info 6 /OUTPUT 1 "done";
    .port_info 7 /INPUT 8 "din";
    .port_info 8 /OUTPUT 8 "dout";
L_0x5638bf5a4700 .functor BUFZ 1, v0x5638bf5a2a40_0, C4<0>, C4<0>, C4<0>;
L_0x5638bf5a4770 .functor BUFZ 1, v0x5638bf5a25a0_0, C4<0>, C4<0>, C4<0>;
L_0x5638bf5a4830 .functor BUFZ 8, v0x5638bf5a2820_0, C4<00000000>, C4<00000000>, C4<00000000>;
v0x5638bf5a1ef0_0 .var "bit_ct_d", 2 0;
v0x5638bf5a1ff0_0 .var "bit_ct_q", 2 0;
v0x5638bf5a20d0_0 .net "clk", 0 0, v0x5638bf5a35d0_0;  alias, 1 drivers
v0x5638bf5a2170_0 .var "data_d", 7 0;
v0x5638bf5a2210_0 .var "data_q", 7 0;
v0x5638bf5a2340_0 .net "din", 7 0, v0x5638bf5a3750_0;  1 drivers
v0x5638bf5a2420_0 .net "done", 0 0, L_0x5638bf5a4770;  alias, 1 drivers
v0x5638bf5a24e0_0 .var "done_d", 0 0;
v0x5638bf5a25a0_0 .var "done_q", 0 0;
v0x5638bf5a2660_0 .net "dout", 7 0, L_0x5638bf5a4830;  alias, 1 drivers
v0x5638bf5a2740_0 .var "dout_d", 7 0;
v0x5638bf5a2820_0 .var "dout_q", 7 0;
v0x5638bf5a2900_0 .net "miso", 0 0, L_0x5638bf5a4700;  alias, 1 drivers
v0x5638bf5a29a0_0 .var "miso_d", 0 0;
v0x5638bf5a2a40_0 .var "miso_q", 0 0;
v0x5638bf5a2b00_0 .net "mosi", 0 0, L_0x5638bf55f6c0;  alias, 1 drivers
v0x5638bf5a2ba0_0 .var "mosi_d", 0 0;
v0x5638bf5a2d50_0 .var "mosi_q", 0 0;
v0x5638bf5a2e10_0 .net "rst", 0 0, v0x5638bf5a3c60_0;  alias, 1 drivers
v0x5638bf5a2ee0_0 .net "sck", 0 0, L_0x5638bf5a4300;  alias, 1 drivers
v0x5638bf5a2fb0_0 .var "sck_d", 0 0;
v0x5638bf5a3050_0 .var "sck_old_d", 0 0;
v0x5638bf5a30f0_0 .var "sck_old_q", 0 0;
v0x5638bf5a31b0_0 .var "sck_q", 0 0;
v0x5638bf5a3270_0 .net "ss", 0 0, v0x5638bf5a3e90_0;  1 drivers
v0x5638bf5a3330_0 .var "ss_d", 0 0;
v0x5638bf5a33f0_0 .var "ss_q", 0 0;
E_0x5638bf54b9b0/0 .event edge, v0x5638bf5a3270_0, v0x5638bf5a10a0_0, v0x5638bf5a2a40_0, v0x5638bf5a15e0_0;
E_0x5638bf54b9b0/1 .event edge, v0x5638bf5a31b0_0, v0x5638bf5a2210_0, v0x5638bf5a1ff0_0, v0x5638bf5a2820_0;
E_0x5638bf54b9b0/2 .event edge, v0x5638bf5a33f0_0, v0x5638bf5a2340_0, v0x5638bf5a30f0_0, v0x5638bf5a2d50_0;
E_0x5638bf54b9b0 .event/or E_0x5638bf54b9b0/0, E_0x5638bf54b9b0/1, E_0x5638bf54b9b0/2;
    .scope S_0x5638bf56d990;
T_0 ;
    %wait E_0x5638bf5628c0;
    %load/vec4 v0x5638bf5a1780_0;
    %store/vec4 v0x5638bf5a16a0_0, 0, 2;
    %load/vec4 v0x5638bf5a0f00_0;
    %store/vec4 v0x5638bf5a0aa0_0, 0, 8;
    %load/vec4 v0x5638bf5a1220_0;
    %store/vec4 v0x5638bf5a1160_0, 0, 1;
    %load/vec4 v0x5638bf5a09c0_0;
    %store/vec4 v0x5638bf5a08e0_0, 0, 3;
    %pushi/vec4 0, 0, 1;
    %store/vec4 v0x5638bf5a13a0_0, 0, 1;
    %load/vec4 v0x5638bf5a0e20_0;
    %store/vec4 v0x5638bf5a0d40_0, 0, 8;
    %load/vec4 v0x5638bf5a1a00_0;
    %store/vec4 v0x5638bf5a1920_0, 0, 2;
    %load/vec4 v0x5638bf5a1a00_0;
    %dup/vec4;
    %pushi/vec4 0, 0, 2;
    %cmp/u;
    %jmp/1 T_0.0, 6;
    %dup/vec4;
    %pushi/vec4 1, 0, 2;
    %cmp/u;
    %jmp/1 T_0.1, 6;
    %dup/vec4;
    %pushi/vec4 2, 0, 2;
    %cmp/u;
    %jmp/1 T_0.2, 6;
    %jmp T_0.3;
T_0.0 ;
    %pushi/vec4 0, 0, 2;
    %store/vec4 v0x5638bf5a16a0_0, 0, 2;
    %pushi/vec4 0, 0, 3;
    %store/vec4 v0x5638bf5a08e0_0, 0, 3;
    %load/vec4 v0x5638bf5a1860_0;
    %cmpi/e 1, 0, 1;
    %jmp/0xz  T_0.4, 4;
    %load/vec4 v0x5638bf5a0b80_0;
    %store/vec4 v0x5638bf5a0aa0_0, 0, 8;
    %pushi/vec4 1, 0, 2;
    %store/vec4 v0x5638bf5a1920_0, 0, 2;
T_0.4 ;
    %jmp T_0.3;
T_0.1 ;
    %load/vec4 v0x5638bf5a1780_0;
    %addi 1, 0, 2;
    %store/vec4 v0x5638bf5a16a0_0, 0, 2;
    %load/vec4 v0x5638bf5a1780_0;
    %cmpi/e 1, 0, 2;
    %jmp/0xz  T_0.6, 4;
    %pushi/vec4 0, 0, 2;
    %store/vec4 v0x5638bf5a16a0_0, 0, 2;
    %pushi/vec4 2, 0, 2;
    %store/vec4 v0x5638bf5a1920_0, 0, 2;
T_0.6 ;
    %jmp T_0.3;
T_0.2 ;
    %load/vec4 v0x5638bf5a1780_0;
    %addi 1, 0, 2;
    %store/vec4 v0x5638bf5a16a0_0, 0, 2;
    %load/vec4 v0x5638bf5a1780_0;
    %pad/u 4;
    %cmpi/e 0, 0, 4;
    %jmp/0xz  T_0.8, 4;
    %load/vec4 v0x5638bf5a0f00_0;
    %parti/s 1, 7, 4;
    %store/vec4 v0x5638bf5a1160_0, 0, 1;
    %jmp T_0.9;
T_0.8 ;
    %load/vec4 v0x5638bf5a1780_0;
    %cmpi/e 1, 0, 2;
    %jmp/0xz  T_0.10, 4;
    %load/vec4 v0x5638bf5a0f00_0;
    %parti/s 7, 0, 2;
    %load/vec4 v0x5638bf5a0fe0_0;
    %concat/vec4; draw_concat_vec4
    %store/vec4 v0x5638bf5a0aa0_0, 0, 8;
    %jmp T_0.11;
T_0.10 ;
    %load/vec4 v0x5638bf5a1780_0;
    %cmpi/e 3, 0, 2;
    %jmp/0xz  T_0.12, 4;
    %load/vec4 v0x5638bf5a09c0_0;
    %addi 1, 0, 3;
    %store/vec4 v0x5638bf5a08e0_0, 0, 3;
    %load/vec4 v0x5638bf5a09c0_0;
    %cmpi/e 7, 0, 3;
    %jmp/0xz  T_0.14, 4;
    %pushi/vec4 0, 0, 2;
    %store/vec4 v0x5638bf5a1920_0, 0, 2;
    %load/vec4 v0x5638bf5a0f00_0;
    %store/vec4 v0x5638bf5a0d40_0, 0, 8;
    %pushi/vec4 1, 0, 1;
    %store/vec4 v0x5638bf5a13a0_0, 0, 1;
T_0.14 ;
T_0.12 ;
T_0.11 ;
T_0.9 ;
    %jmp T_0.3;
T_0.3 ;
    %pop/vec4 1;
    %jmp T_0;
    .thread T_0, $push;
    .scope S_0x5638bf56d990;
T_1 ;
    %wait E_0x5638bf562720;
    %load/vec4 v0x5638bf5a1520_0;
    %flag_set/vec4 8;
    %jmp/0xz  T_1.0, 8;
    %pushi/vec4 0, 0, 3;
    %assign/vec4 v0x5638bf5a09c0_0, 0;
    %pushi/vec4 0, 0, 8;
    %assign/vec4 v0x5638bf5a0f00_0, 0;
    %pushi/vec4 0, 0, 2;
    %assign/vec4 v0x5638bf5a1780_0, 0;
    %pushi/vec4 0, 0, 1;
    %assign/vec4 v0x5638bf5a1220_0, 0;
    %pushi/vec4 0, 0, 2;
    %assign/vec4 v0x5638bf5a1a00_0, 0;
    %pushi/vec4 0, 0, 8;
    %assign/vec4 v0x5638bf5a0e20_0, 0;
    %pushi/vec4 0, 0, 1;
    %assign/vec4 v0x5638bf5a1460_0, 0;
    %jmp T_1.1;
T_1.0 ;
    %load/vec4 v0x5638bf5a08e0_0;
    %assign/vec4 v0x5638bf5a09c0_0, 0;
    %load/vec4 v0x5638bf5a0aa0_0;
    %assign/vec4 v0x5638bf5a0f00_0, 0;
    %load/vec4 v0x5638bf5a16a0_0;
    %assign/vec4 v0x5638bf5a1780_0, 0;
    %load/vec4 v0x5638bf5a1160_0;
    %assign/vec4 v0x5638bf5a1220_0, 0;
    %load/vec4 v0x5638bf5a1920_0;
    %assign/vec4 v0x5638bf5a1a00_0, 0;
    %load/vec4 v0x5638bf5a0d40_0;
    %assign/vec4 v0x5638bf5a0e20_0, 0;
    %load/vec4 v0x5638bf5a13a0_0;
    %assign/vec4 v0x5638bf5a1460_0, 0;
T_1.1 ;
    %jmp T_1;
    .thread T_1;
    .scope S_0x5638bf5a1c80;
T_2 ;
    %wait E_0x5638bf54b9b0;
    %load/vec4 v0x5638bf5a3270_0;
    %store/vec4 v0x5638bf5a3330_0, 0, 1;
    %load/vec4 v0x5638bf5a2b00_0;
    %store/vec4 v0x5638bf5a2ba0_0, 0, 1;
    %load/vec4 v0x5638bf5a2a40_0;
    %store/vec4 v0x5638bf5a29a0_0, 0, 1;
    %load/vec4 v0x5638bf5a2ee0_0;
    %store/vec4 v0x5638bf5a2fb0_0, 0, 1;
    %load/vec4 v0x5638bf5a31b0_0;
    %store/vec4 v0x5638bf5a3050_0, 0, 1;
    %load/vec4 v0x5638bf5a2210_0;
    %store/vec4 v0x5638bf5a2170_0, 0, 8;
    %pushi/vec4 0, 0, 1;
    %store/vec4 v0x5638bf5a24e0_0, 0, 1;
    %load/vec4 v0x5638bf5a1ff0_0;
    %store/vec4 v0x5638bf5a1ef0_0, 0, 3;
    %load/vec4 v0x5638bf5a2820_0;
    %store/vec4 v0x5638bf5a2740_0, 0, 8;
    %load/vec4 v0x5638bf5a33f0_0;
    %flag_set/vec4 8;
    %jmp/0xz  T_2.0, 8;
    %pushi/vec4 0, 0, 3;
    %store/vec4 v0x5638bf5a1ef0_0, 0, 3;
    %load/vec4 v0x5638bf5a2340_0;
    %store/vec4 v0x5638bf5a2170_0, 0, 8;
    %load/vec4 v0x5638bf5a2210_0;
    %parti/s 1, 7, 4;
    %store/vec4 v0x5638bf5a29a0_0, 0, 1;
    %jmp T_2.1;
T_2.0 ;
    %load/vec4 v0x5638bf5a30f0_0;
    %nor/r;
    %load/vec4 v0x5638bf5a31b0_0;
    %and;
    %flag_set/vec4 8;
    %jmp/0xz  T_2.2, 8;
    %load/vec4 v0x5638bf5a2210_0;
    %parti/s 7, 0, 2;
    %load/vec4 v0x5638bf5a2d50_0;
    %concat/vec4; draw_concat_vec4
    %store/vec4 v0x5638bf5a2170_0, 0, 8;
    %load/vec4 v0x5638bf5a1ff0_0;
    %addi 1, 0, 3;
    %store/vec4 v0x5638bf5a1ef0_0, 0, 3;
    %load/vec4 v0x5638bf5a1ff0_0;
    %cmpi/e 7, 0, 3;
    %jmp/0xz  T_2.4, 4;
    %load/vec4 v0x5638bf5a2210_0;
    %parti/s 7, 0, 2;
    %load/vec4 v0x5638bf5a2d50_0;
    %concat/vec4; draw_concat_vec4
    %store/vec4 v0x5638bf5a2740_0, 0, 8;
    %pushi/vec4 1, 0, 1;
    %store/vec4 v0x5638bf5a24e0_0, 0, 1;
    %load/vec4 v0x5638bf5a2340_0;
    %store/vec4 v0x5638bf5a2170_0, 0, 8;
T_2.4 ;
    %jmp T_2.3;
T_2.2 ;
    %load/vec4 v0x5638bf5a30f0_0;
    %load/vec4 v0x5638bf5a31b0_0;
    %nor/r;
    %and;
    %flag_set/vec4 8;
    %jmp/0xz  T_2.6, 8;
    %load/vec4 v0x5638bf5a2210_0;
    %parti/s 1, 7, 4;
    %store/vec4 v0x5638bf5a29a0_0, 0, 1;
T_2.6 ;
T_2.3 ;
T_2.1 ;
    %jmp T_2;
    .thread T_2, $push;
    .scope S_0x5638bf5a1c80;
T_3 ;
    %wait E_0x5638bf562720;
    %load/vec4 v0x5638bf5a2e10_0;
    %flag_set/vec4 8;
    %jmp/0xz  T_3.0, 8;
    %pushi/vec4 0, 0, 1;
    %assign/vec4 v0x5638bf5a25a0_0, 0;
    %pushi/vec4 0, 0, 3;
    %assign/vec4 v0x5638bf5a1ff0_0, 0;
    %pushi/vec4 0, 0, 8;
    %assign/vec4 v0x5638bf5a2820_0, 0;
    %pushi/vec4 1, 0, 1;
    %assign/vec4 v0x5638bf5a2a40_0, 0;
    %jmp T_3.1;
T_3.0 ;
    %load/vec4 v0x5638bf5a24e0_0;
    %assign/vec4 v0x5638bf5a25a0_0, 0;
    %load/vec4 v0x5638bf5a1ef0_0;
    %assign/vec4 v0x5638bf5a1ff0_0, 0;
    %load/vec4 v0x5638bf5a2740_0;
    %assign/vec4 v0x5638bf5a2820_0, 0;
    %load/vec4 v0x5638bf5a29a0_0;
    %assign/vec4 v0x5638bf5a2a40_0, 0;
T_3.1 ;
    %load/vec4 v0x5638bf5a2fb0_0;
    %assign/vec4 v0x5638bf5a31b0_0, 0;
    %load/vec4 v0x5638bf5a2ba0_0;
    %assign/vec4 v0x5638bf5a2d50_0, 0;
    %load/vec4 v0x5638bf5a3330_0;
    %assign/vec4 v0x5638bf5a33f0_0, 0;
    %load/vec4 v0x5638bf5a2170_0;
    %assign/vec4 v0x5638bf5a2210_0, 0;
    %load/vec4 v0x5638bf5a3050_0;
    %assign/vec4 v0x5638bf5a30f0_0, 0;
    %jmp T_3;
    .thread T_3;
    .scope S_0x5638bf56d800;
T_4 ;
    %delay 2, 0;
    %load/vec4 v0x5638bf5a35d0_0;
    %inv;
    %store/vec4 v0x5638bf5a35d0_0, 0, 1;
    %jmp T_4;
    .thread T_4;
    .scope S_0x5638bf56d800;
T_5 ;
    %wait E_0x5638bf561040;
    %load/vec4 v0x5638bf5a3690_0;
    %addi 3, 0, 8;
    %store/vec4 v0x5638bf5a3690_0, 0, 8;
    %load/vec4 v0x5638bf5a3750_0;
    %addi 8, 0, 8;
    %store/vec4 v0x5638bf5a3750_0, 0, 8;
    %jmp T_5;
    .thread T_5;
    .scope S_0x5638bf56d800;
T_6 ;
    %pushi/vec4 0, 0, 1;
    %store/vec4 v0x5638bf5a35d0_0, 0, 1;
    %pushi/vec4 0, 0, 1;
    %store/vec4 v0x5638bf5a3c60_0, 0, 1;
    %pushi/vec4 1, 0, 1;
    %store/vec4 v0x5638bf5a3e90_0, 0, 1;
    %pushi/vec4 0, 0, 1;
    %store/vec4 v0x5638bf5a3f30_0, 0, 1;
    %pushi/vec4 0, 0, 8;
    %store/vec4 v0x5638bf5a3750_0, 0, 8;
    %pushi/vec4 0, 0, 8;
    %store/vec4 v0x5638bf5a3690_0, 0, 8;
    %delay 3, 0;
    %pushi/vec4 1, 0, 1;
    %store/vec4 v0x5638bf5a3c60_0, 0, 1;
    %delay 4, 0;
    %pushi/vec4 0, 0, 1;
    %store/vec4 v0x5638bf5a3c60_0, 0, 1;
    %delay 10, 0;
    %delay 1, 0;
    %pushi/vec4 28, 0, 8;
    %store/vec4 v0x5638bf5a3690_0, 0, 8;
    %pushi/vec4 193, 0, 8;
    %store/vec4 v0x5638bf5a3750_0, 0, 8;
    %delay 50, 0;
    %pushi/vec4 0, 0, 1;
    %store/vec4 v0x5638bf5a3e90_0, 0, 1;
    %pushi/vec4 1, 0, 1;
    %store/vec4 v0x5638bf5a3f30_0, 0, 1;
    %vpi_call 2 48 "$monitor", "Sim time %t, in_master_data %h, new_master_data %b, out_slave_data %h, slave_done %b, in_slave data %h, out_master_data %h", $time, v0x5638bf5a3690_0, v0x5638bf5a3a80_0, v0x5638bf5a3bc0_0, v0x5638bf5a3df0_0, v0x5638bf5a3750_0, v0x5638bf5a3b20_0 {0 0 0};
    %delay 1000, 0;
    %vpi_call 2 49 "$finish" {0 0 0};
    %end;
    .thread T_6;
    .scope S_0x5638bf56d800;
T_7 ;
    %vpi_call 2 55 "$dumpfile", "dump.vcd" {0 0 0};
    %vpi_call 2 56 "$dumpvars" {0 0 0};
    %end;
    .thread T_7;
# The file index is used to find the file name in the following table.
:file_names 5;
    "N/A";
    "<interactive>";
    "spi_tb.sv";
    "spi_master.v";
    "spi_slave.v";
